0 info it worked if it ends with ok
1 verbose cli [ '/Users/marcelbelmont/.nvm/versions/node/v7.4.0/bin/node',
1 verbose cli   '/Users/marcelbelmont/.nvm/versions/node/v7.4.0/bin/npm',
1 verbose cli   's' ]
2 info using npm@4.0.5
3 info using node@v7.4.0
4 verbose stack Error: search must be called with arguments
4 verbose stack     at EventEmitter.search (/Users/marcelbelmont/.nvm/versions/node/v7.4.0/lib/node_modules/npm/lib/search.js:28:15)
4 verbose stack     at Object.commandCache.(anonymous function) (/Users/marcelbelmont/.nvm/versions/node/v7.4.0/lib/node_modules/npm/lib/npm.js:127:13)
4 verbose stack     at EventEmitter.<anonymous> (/Users/marcelbelmont/.nvm/versions/node/v7.4.0/lib/node_modules/npm/bin/npm-cli.js:77:30)
4 verbose stack     at _combinedTickCallback (internal/process/next_tick.js:67:7)
4 verbose stack     at process._tickCallback (internal/process/next_tick.js:98:9)
5 verbose cwd /Users/marcelbelmont/code-craftsmanship-organization/sso-with-oauth-and-saml
6 error Darwin 15.6.0
7 error argv "/Users/marcelbelmont/.nvm/versions/node/v7.4.0/bin/node" "/Users/marcelbelmont/.nvm/versions/node/v7.4.0/bin/npm" "s"
8 error node v7.4.0
9 error npm  v4.0.5
10 error search must be called with arguments
11 error If you need help, you may report this error at:
11 error     <https://github.com/npm/npm/issues>
12 verbose exit [ 1, true ]
